1439995398=>>>debug_hasharray (
  'wc-api' => 'WC_Gateway_NM_TwoCheckout',
)=<<<debug_hash14399953981439995413=>>>debug_hasharray (
  'wc-api' => 'WC_Gateway_NM_TwoCheckout',
)=<<<debug_hash143999541308/20/2015=>>>debug_hasharray (
  'wc-api' => 'WC_Gateway_NM_TwoCheckout',
  'p' => '',
  'middle_initial' => '',
  'li_0_name' => 'Order 330 - Store Manager for WooCommerce Primary License (Product SKU%3A 290)',
  'sid' => '1765515',
  'test' => '1',
  'ship_zip' => 'GB',
  'key' => 'B9E4C364DAAF23063B85FE0C6EE07CE4',
  'state' => '',
  'email' => 'jarchik%40kommy.net',
  'li_0_type' => 'product',
  'order_number' => '105671149890',
  'currency_code' => 'USD',
  'lang' => 'en',
  'ship_state' => '',
  'invoice_id' => '105671149899',
  'li_0_price' => '119.00',
  'total' => '119.00',
  'ship_street_address2' => '',
  'credit_card_processed' => 'Y',
  'zip' => 'WC2E 9RZ',
  'ship_name' => 'Yaroslav Lvivsky',
  'li_0_quantity' => '1',
  'ship_method' => '',
  'cart_weight' => '0',
  'fixed' => 'Y',
  'ship_country' => 'UKR',
  'last_name' => 'Lvivsky',
  'li_0_product_id' => 'sm_woocm_primary',
  'street_address' => 'Baker str%2C 221B',
  'city' => 'London',
  'li_0_tangible' => 'N',
  'ship_city' => 'London',
  'company' => '',
  'ip_country' => 'Ukraine',
  'country' => 'GBR',
  'merchant_order_id' => '330',
  'li_0_description' => '',
  'ship_street_address' => 'Baker str%2C 221B',
  'demo' => 'Y',
  'pay_method' => 'CC',
  'cart_tangible' => 'N',
  'phone' => '312313212 ',
  'street_address2' => '',
  'x_receipt_link_url' => 'http%3A%2F%2Fstore.emagicone.com%2Fwoo_order.php',
  'first_name' => 'Yaroslav',
  'card_holder_name' => 'Yaroslav Lvivsky',
)=<<<debug_hash08/20/201508/20/2015=>>>debug_hasharray (
  'wc-api' => 'WC_Gateway_NM_TwoCheckout',
  'p' => '',
  'middle_initial' => '',
  'li_0_name' => 'Order 330 - Store Manager for WooCommerce Primary License (Product SKU%3A 290)',
  'sid' => '1765515',
  'test' => '1',
  'ship_zip' => 'GB',
  'key' => 'B9E4C364DAAF23063B85FE0C6EE07CE4',
  'state' => '',
  'email' => 'jarchik%40kommy.net',
  'li_0_type' => 'product',
  'order_number' => '105671149890',
  'currency_code' => 'USD',
  'lang' => 'en',
  'ship_state' => '',
  'invoice_id' => '105671149899',
  'li_0_price' => '119.00',
  'total' => '119.00',
  'ship_street_address2' => '',
  'credit_card_processed' => 'Y',
  'zip' => 'WC2E 9RZ',
  'ship_name' => 'Yaroslav Lvivsky',
  'li_0_quantity' => '1',
  'ship_method' => '',
  'cart_weight' => '0',
  'fixed' => 'Y',
  'ship_country' => 'UKR',
  'last_name' => 'Lvivsky',
  'li_0_product_id' => 'sm_woocm_primary',
  'street_address' => 'Baker str%2C 221B',
  'city' => 'London',
  'li_0_tangible' => 'N',
  'ship_city' => 'London',
  'company' => '',
  'ip_country' => 'Ukraine',
  'country' => 'GBR',
  'merchant_order_id' => '330',
  'li_0_description' => '',
  'ship_street_address' => 'Baker str%2C 221B',
  'demo' => 'Y',
  'pay_method' => 'CC',
  'cart_tangible' => 'N',
  'phone' => '312313212 ',
  'street_address2' => '',
  'x_receipt_link_url' => 'http%3A%2F%2Fstore.emagicone.com%2Fwoo_order.php',
  'first_name' => 'Yaroslav',
  'card_holder_name' => 'Yaroslav Lvivsky',
)=<<<debug_hash08/20/201508/20/2015=>>>debug_hasharray (
  'wc-api' => 'WC_Gateway_NM_TwoCheckout',
  'p' => '',
  'middle_initial' => '',
  'li_0_name' => 'Order 330 - Store Manager for WooCommerce Primary License (Product SKU%3A 290)',
  'sid' => '1765515',
  'test' => '1',
  'ship_zip' => 'GB',
  'key' => 'B9E4C364DAAF23063B85FE0C6EE07CE4',
  'state' => '',
  'email' => 'jarchik%40kommy.net',
  'li_0_type' => 'product',
  'order_number' => '105671149890',
  'currency_code' => 'USD',
  'lang' => 'en',
  'ship_state' => '',
  'invoice_id' => '105671149899',
  'li_0_price' => '119.00',
  'total' => '119.00',
  'ship_street_address2' => '',
  'credit_card_processed' => 'Y',
  'zip' => 'WC2E 9RZ',
  'ship_name' => 'Yaroslav Lvivsky',
  'li_0_quantity' => '1',
  'ship_method' => '',
  'cart_weight' => '0',
  'fixed' => 'Y',
  'ship_country' => 'UKR',
  'last_name' => 'Lvivsky',
  'li_0_product_id' => 'sm_woocm_primary',
  'street_address' => 'Baker str%2C 221B',
  'city' => 'London',
  'li_0_tangible' => 'N',
  'ship_city' => 'London',
  'company' => '',
  'ip_country' => 'Ukraine',
  'country' => 'GBR',
  'merchant_order_id' => '330',
  'li_0_description' => '',
  'ship_street_address' => 'Baker str%2C 221B',
  'demo' => 'Y',
  'pay_method' => 'CC',
  'cart_tangible' => 'N',
  'phone' => '312313212 ',
  'street_address2' => '',
  'x_receipt_link_url' => 'http%3A%2F%2Fstore.emagicone.com%2Fwoo_order.php',
  'first_name' => 'Yaroslav',
  'card_holder_name' => 'Yaroslav Lvivsky',
)=<<<debug_hash08/20/201508/20/2015=>>>debug_hasharray (
  'wc-api' => 'WC_Gateway_NM_TwoCheckout',
  'p' => '',
  'middle_initial' => '',
  'li_0_name' => 'Order 330 - Store Manager for WooCommerce Primary License (Product SKU%3A 290)',
  'sid' => '1765515',
  'test' => '1',
  'ship_zip' => 'GB',
  'key' => 'B9E4C364DAAF23063B85FE0C6EE07CE4',
  'state' => '',
  'email' => 'jarchik%40kommy.net',
  'li_0_type' => 'product',
  'order_number' => '105671149890',
  'currency_code' => 'USD',
  'lang' => 'en',
  'ship_state' => '',
  'invoice_id' => '105671149899',
  'li_0_price' => '119.00',
  'total' => '119.00',
  'ship_street_address2' => '',
  'credit_card_processed' => 'Y',
  'zip' => 'WC2E 9RZ',
  'ship_name' => 'Yaroslav Lvivsky',
  'li_0_quantity' => '1',
  'ship_method' => '',
  'cart_weight' => '0',
  'fixed' => 'Y',
  'ship_country' => 'UKR',
  'last_name' => 'Lvivsky',
  'li_0_product_id' => 'sm_woocm_primary',
  'street_address' => 'Baker str%2C 221B',
  'city' => 'London',
  'li_0_tangible' => 'N',
  'ship_city' => 'London',
  'company' => '',
  'ip_country' => 'Ukraine',
  'country' => 'GBR',
  'merchant_order_id' => '330',
  'li_0_description' => '',
  'ship_street_address' => 'Baker str%2C 221B',
  'demo' => 'Y',
  'pay_method' => 'CC',
  'cart_tangible' => 'N',
  'phone' => '312313212 ',
  'street_address2' => '',
  'x_receipt_link_url' => 'http%3A%2F%2Fstore.emagicone.com%2Fwoo_order.php',
  'first_name' => 'Yaroslav',
  'card_holder_name' => 'Yaroslav Lvivsky',
)=<<<debug_hash08/20/201508/20/2015=>>>debug_hasharray (
  'wc-api' => 'WC_Gateway_NM_TwoCheckout',
  'p' => '',
  'middle_initial' => '',
  'li_0_name' => 'Order 330 - Store Manager for WooCommerce Primary License (Product SKU%3A 290)',
  'sid' => '1765515',
  'test' => '1',
  'ship_zip' => 'GB',
  'key' => 'B9E4C364DAAF23063B85FE0C6EE07CE4',
  'state' => '',
  'email' => 'jarchik%40kommy.net',
  'li_0_type' => 'product',
  'order_number' => '105671149890',
  'currency_code' => 'USD',
  'lang' => 'en',
  'ship_state' => '',
  'invoice_id' => '105671149899',
  'li_0_price' => '119.00',
  'total' => '119.00',
  'ship_street_address2' => '',
  'credit_card_processed' => 'Y',
  'zip' => 'WC2E 9RZ',
  'ship_name' => 'Yaroslav Lvivsky',
  'li_0_quantity' => '1',
  'ship_method' => '',
  'cart_weight' => '0',
  'fixed' => 'Y',
  'ship_country' => 'UKR',
  'last_name' => 'Lvivsky',
  'li_0_product_id' => 'sm_woocm_primary',
  'street_address' => 'Baker str%2C 221B',
  'city' => 'London',
  'li_0_tangible' => 'N',
  'ship_city' => 'London',
  'company' => '',
  'ip_country' => 'Ukraine',
  'country' => 'GBR',
  'merchant_order_id' => '330',
  'li_0_description' => '',
  'ship_street_address' => 'Baker str%2C 221B',
  'demo' => 'Y',
  'pay_method' => 'CC',
  'cart_tangible' => 'N',
  'phone' => '312313212 ',
  'street_address2' => '',
  'x_receipt_link_url' => 'http%3A%2F%2Fstore.emagicone.com%2Fwoo_order.php',
  'first_name' => 'Yaroslav',
  'card_holder_name' => 'Yaroslav Lvivsky',
)=<<<debug_hash08/20/201508/20/2015=>>>debug_hasharray (
  'wc-api' => 'WC_Gateway_NM_TwoCheckout',
  'p' => '',
  'middle_initial' => '',
  'li_0_name' => 'Order 330 - Store Manager for WooCommerce Primary License (Product SKU%3A 290)',
  'sid' => '1765515',
  'test' => '1',
  'ship_zip' => 'GB',
  'key' => 'B9E4C364DAAF23063B85FE0C6EE07CE4',
  'state' => '',
  'email' => 'jarchik%40kommy.net',
  'li_0_type' => 'product',
  'order_number' => '105671149890',
  'currency_code' => 'USD',
  'lang' => 'en',
  'ship_state' => '',
  'invoice_id' => '105671149899',
  'li_0_price' => '119.00',
  'total' => '119.00',
  'ship_street_address2' => '',
  'credit_card_processed' => 'Y',
  'zip' => 'WC2E 9RZ',
  'ship_name' => 'Yaroslav Lvivsky',
  'li_0_quantity' => '1',
  'ship_method' => '',
  'cart_weight' => '0',
  'fixed' => 'Y',
  'ship_country' => 'UKR',
  'last_name' => 'Lvivsky',
  'li_0_product_id' => 'sm_woocm_primary',
  'street_address' => 'Baker str%2C 221B',
  'city' => 'London',
  'li_0_tangible' => 'N',
  'ship_city' => 'London',
  'company' => '',
  'ip_country' => 'Ukraine',
  'country' => 'GBR',
  'merchant_order_id' => '330',
  'li_0_description' => '',
  'ship_street_address' => 'Baker str%2C 221B',
  'demo' => 'Y',
  'pay_method' => 'CC',
  'cart_tangible' => 'N',
  'phone' => '312313212 ',
  'street_address2' => '',
  'x_receipt_link_url' => 'http%3A%2F%2Fstore.emagicone.com%2Fwoo_order.php',
  'first_name' => 'Yaroslav',
  'card_holder_name' => 'Yaroslav Lvivsky',
)=<<<debug_hash08/20/201508/20/2015=>>>debug_hasharray (
  'wc-api' => 'WC_Gateway_NM_TwoCheckout',
  'p' => '',
  'middle_initial' => '',
  'li_0_name' => 'Order 330 - Store Manager for WooCommerce Primary License (Product SKU%3A 290)',
  'sid' => '1765515',
  'test' => '1',
  'ship_zip' => 'GB',
  'key' => 'B9E4C364DAAF23063B85FE0C6EE07CE4',
  'state' => '',
  'email' => 'jarchik%40kommy.net',
  'li_0_type' => 'product',
  'order_number' => '105671149890',
  'currency_code' => 'USD',
  'lang' => 'en',
  'ship_state' => '',
  'invoice_id' => '105671149899',
  'li_0_price' => '119.00',
  'total' => '119.00',
  'ship_street_address2' => '',
  'credit_card_processed' => 'Y',
  'zip' => 'WC2E 9RZ',
  'ship_name' => 'Yaroslav Lvivsky',
  'li_0_quantity' => '1',
  'ship_method' => '',
  'cart_weight' => '0',
  'fixed' => 'Y',
  'ship_country' => 'UKR',
  'last_name' => 'Lvivsky',
  'li_0_product_id' => 'sm_woocm_primary',
  'street_address' => 'Baker str%2C 221B',
  'city' => 'London',
  'li_0_tangible' => 'N',
  'ship_city' => 'London',
  'company' => '',
  'ip_country' => 'Ukraine',
  'country' => 'GBR',
  'merchant_order_id' => '330',
  'li_0_description' => '',
  'ship_street_address' => 'Baker str%2C 221B',
  'demo' => 'Y',
  'pay_method' => 'CC',
  'cart_tangible' => 'N',
  'phone' => '312313212 ',
  'street_address2' => '',
  'x_receipt_link_url' => 'http%3A%2F%2Fstore.emagicone.com%2Fwoo_order.php',
  'first_name' => 'Yaroslav',
  'card_holder_name' => 'Yaroslav Lvivsky',
)=<<<debug_hash08/20/201508/20/2015=>>>debug_hasharray (
  'wc-api' => 'WC_Gateway_NM_TwoCheckout',
  'p' => '',
  'middle_initial' => '',
  'li_0_name' => 'Order 330 - Store Manager for WooCommerce Primary License (Product SKU%3A 290)',
  'sid' => '1765515',
  'test' => '1',
  'ship_zip' => 'GB',
  'key' => 'B9E4C364DAAF23063B85FE0C6EE07CE4',
  'state' => '',
  'email' => 'jarchik%40kommy.net',
  'li_0_type' => 'product',
  'order_number' => '105671149890',
  'currency_code' => 'USD',
  'lang' => 'en',
  'ship_state' => '',
  'invoice_id' => '105671149899',
  'li_0_price' => '119.00',
  'total' => '119.00',
  'ship_street_address2' => '',
  'credit_card_processed' => 'Y',
  'zip' => 'WC2E 9RZ',
  'ship_name' => 'Yaroslav Lvivsky',
  'li_0_quantity' => '1',
  'ship_method' => '',
  'cart_weight' => '0',
  'fixed' => 'Y',
  'ship_country' => 'UKR',
  'last_name' => 'Lvivsky',
  'li_0_product_id' => 'sm_woocm_primary',
  'street_address' => 'Baker str%2C 221B',
  'city' => 'London',
  'li_0_tangible' => 'N',
  'ship_city' => 'London',
  'company' => '',
  'ip_country' => 'Ukraine',
  'country' => 'GBR',
  'merchant_order_id' => '330',
  'li_0_description' => '',
  'ship_street_address' => 'Baker str%2C 221B',
  'demo' => 'Y',
  'pay_method' => 'CC',
  'cart_tangible' => 'N',
  'phone' => '312313212 ',
  'street_address2' => '',
  'x_receipt_link_url' => 'http%3A%2F%2Fstore.emagicone.com%2Fwoo_order.php',
  'first_name' => 'Yaroslav',
  'card_holder_name' => 'Yaroslav Lvivsky',
)=<<<debug_hash08/20/201508/20/2015=>>>debug_hasharray (
  'wc-api' => 'WC_Gateway_NM_TwoCheckout',
  'p' => '',
  'middle_initial' => '',
  'li_0_name' => 'Order 330 - Store Manager for WooCommerce Primary License (Product SKU%3A 290)',
  'sid' => '1765515',
  'test' => '1',
  'ship_zip' => 'GB',
  'key' => 'B9E4C364DAAF23063B85FE0C6EE07CE4',
  'state' => '',
  'email' => 'jarchik%40kommy.net',
  'li_0_type' => 'product',
  'order_number' => '105671149890',
  'currency_code' => 'USD',
  'lang' => 'en',
  'ship_state' => '',
  'invoice_id' => '105671149899',
  'li_0_price' => '119.00',
  'total' => '119.00',
  'ship_street_address2' => '',
  'credit_card_processed' => 'Y',
  'zip' => 'WC2E 9RZ',
  'ship_name' => 'Yaroslav Lvivsky',
  'li_0_quantity' => '1',
  'ship_method' => '',
  'cart_weight' => '0',
  'fixed' => 'Y',
  'ship_country' => 'UKR',
  'last_name' => 'Lvivsky',
  'li_0_product_id' => 'sm_woocm_primary',
  'street_address' => 'Baker str%2C 221B',
  'city' => 'London',
  'li_0_tangible' => 'N',
  'ship_city' => 'London',
  'company' => '',
  'ip_country' => 'Ukraine',
  'country' => 'GBR',
  'merchant_order_id' => '330',
  'li_0_description' => '',
  'ship_street_address' => 'Baker str%2C 221B',
  'demo' => 'Y',
  'pay_method' => 'CC',
  'cart_tangible' => 'N',
  'phone' => '312313212 ',
  'street_address2' => '',
  'x_receipt_link_url' => 'http%3A%2F%2Fstore.emagicone.com%2Fwoo_order.php',
  'first_name' => 'Yaroslav',
  'card_holder_name' => 'Yaroslav Lvivsky',
)=<<<debug_hash08/20/201508/20/2015=>>>debug_hasharray (
  'wc-api' => 'WC_Gateway_NM_TwoCheckout',
  'p' => '',
  'middle_initial' => '',
  'li_0_name' => 'Order 330 - Store Manager for WooCommerce Primary License (Product SKU%3A 290)',
  'sid' => '1765515',
  'test' => '1',
  'ship_zip' => 'GB',
  'key' => 'B9E4C364DAAF23063B85FE0C6EE07CE4',
  'state' => '',
  'email' => 'jarchik%40kommy.net',
  'li_0_type' => 'product',
  'order_number' => '105671149890',
  'currency_code' => 'USD',
  'lang' => 'en',
  'ship_state' => '',
  'invoice_id' => '105671149899',
  'li_0_price' => '119.00',
  'total' => '119.00',
  'ship_street_address2' => '',
  'credit_card_processed' => 'Y',
  'zip' => 'WC2E 9RZ',
  'ship_name' => 'Yaroslav Lvivsky',
  'li_0_quantity' => '1',
  'ship_method' => '',
  'cart_weight' => '0',
  'fixed' => 'Y',
  'ship_country' => 'UKR',
  'last_name' => 'Lvivsky',
  'li_0_product_id' => 'sm_woocm_primary',
  'street_address' => 'Baker str%2C 221B',
  'city' => 'London',
  'li_0_tangible' => 'N',
  'ship_city' => 'London',
  'company' => '',
  'ip_country' => 'Ukraine',
  'country' => 'GBR',
  'merchant_order_id' => '330',
  'li_0_description' => '',
  'ship_street_address' => 'Baker str%2C 221B',
  'demo' => 'Y',
  'pay_method' => 'CC',
  'cart_tangible' => 'N',
  'phone' => '312313212 ',
  'street_address2' => '',
  'x_receipt_link_url' => 'http%3A%2F%2Fstore.emagicone.com%2Fwoo_order.php',
  'first_name' => 'Yaroslav',
  'card_holder_name' => 'Yaroslav Lvivsky',
)=<<<debug_hash08/20/201508/20/2015=>>>debug_hasharray (
  'wc-api' => 'WC_Gateway_NM_TwoCheckout',
  'p' => '',
  'middle_initial' => '',
  'li_0_name' => 'Order 330 - Store Manager for WooCommerce Primary License (Product SKU%3A 290)',
  'sid' => '1765515',
  'test' => '1',
  'ship_zip' => 'GB',
  'key' => 'B9E4C364DAAF23063B85FE0C6EE07CE4',
  'state' => '',
  'email' => 'jarchik%40kommy.net',
  'li_0_type' => 'product',
  'order_number' => '105671149890',
  'currency_code' => 'USD',
  'lang' => 'en',
  'ship_state' => '',
  'invoice_id' => '105671149899',
  'li_0_price' => '119.00',
  'total' => '119.00',
  'ship_street_address2' => '',
  'credit_card_processed' => 'Y',
  'zip' => 'WC2E 9RZ',
  'ship_name' => 'Yaroslav Lvivsky',
  'li_0_quantity' => '1',
  'ship_method' => '',
  'cart_weight' => '0',
  'fixed' => 'Y',
  'ship_country' => 'UKR',
  'last_name' => 'Lvivsky',
  'li_0_product_id' => 'sm_woocm_primary',
  'street_address' => 'Baker str%2C 221B',
  'city' => 'London',
  'li_0_tangible' => 'N',
  'ship_city' => 'London',
  'company' => '',
  'ip_country' => 'Ukraine',
  'country' => 'GBR',
  'merchant_order_id' => '330',
  'li_0_description' => '',
  'ship_street_address' => 'Baker str%2C 221B',
  'demo' => 'Y',
  'pay_method' => 'CC',
  'cart_tangible' => 'N',
  'phone' => '312313212 ',
  'street_address2' => '',
  'x_receipt_link_url' => 'http%3A%2F%2Fstore.emagicone.com%2Fwoo_order.php',
  'first_name' => 'Yaroslav',
  'card_holder_name' => 'Yaroslav Lvivsky',
)=<<<debug_hash08/20/201508/20/2015=>>>debug_hasharray (
  'wc-api' => 'WC_Gateway_NM_TwoCheckout',
  'p' => '',
  'middle_initial' => '',
  'li_0_name' => 'Order 330 - Store Manager for WooCommerce Primary License (Product SKU%3A 290)',
  'sid' => '1765515',
  'test' => '1',
  'ship_zip' => 'GB',
  'key' => 'B9E4C364DAAF23063B85FE0C6EE07CE4',
  'state' => '',
  'email' => 'jarchik%40kommy.net',
  'li_0_type' => 'product',
  'order_number' => '105671149890',
  'currency_code' => 'USD',
  'lang' => 'en',
  'ship_state' => '',
  'invoice_id' => '105671149899',
  'li_0_price' => '119.00',
  'total' => '119.00',
  'ship_street_address2' => '',
  'credit_card_processed' => 'Y',
  'zip' => 'WC2E 9RZ',
  'ship_name' => 'Yaroslav Lvivsky',
  'li_0_quantity' => '1',
  'ship_method' => '',
  'cart_weight' => '0',
  'fixed' => 'Y',
  'ship_country' => 'UKR',
  'last_name' => 'Lvivsky',
  'li_0_product_id' => 'sm_woocm_primary',
  'street_address' => 'Baker str%2C 221B',
  'city' => 'London',
  'li_0_tangible' => 'N',
  'ship_city' => 'London',
  'company' => '',
  'ip_country' => 'Ukraine',
  'country' => 'GBR',
  'merchant_order_id' => '330',
  'li_0_description' => '',
  'ship_street_address' => 'Baker str%2C 221B',
  'demo' => 'Y',
  'pay_method' => 'CC',
  'cart_tangible' => 'N',
  'phone' => '312313212 ',
  'street_address2' => '',
  'x_receipt_link_url' => 'http%3A%2F%2Fstore.emagicone.com%2Fwoo_order.php',
  'first_name' => 'Yaroslav',
  'card_holder_name' => 'Yaroslav Lvivsky',
)=<<<debug_hash08/20/201508/20/2015=>>>debug_hasharray (
  'wc-api' => 'WC_Gateway_NM_TwoCheckout',
  'p' => '',
  'middle_initial' => '',
  'li_0_name' => 'Order 330 - Store Manager for WooCommerce Primary License (Product SKU%3A 290)',
  'sid' => '1765515',
  'test' => '1',
  'ship_zip' => 'GB',
  'key' => 'B9E4C364DAAF23063B85FE0C6EE07CE4',
  'state' => '',
  'email' => 'jarchik%40kommy.net',
  'li_0_type' => 'product',
  'order_number' => '105671149890',
  'currency_code' => 'USD',
  'lang' => 'en',
  'ship_state' => '',
  'invoice_id' => '105671149899',
  'li_0_price' => '119.00',
  'total' => '119.00',
  'ship_street_address2' => '',
  'credit_card_processed' => 'Y',
  'zip' => 'WC2E 9RZ',
  'ship_name' => 'Yaroslav Lvivsky',
  'li_0_quantity' => '1',
  'ship_method' => '',
  'cart_weight' => '0',
  'fixed' => 'Y',
  'ship_country' => 'UKR',
  'last_name' => 'Lvivsky',
  'li_0_product_id' => 'sm_woocm_primary',
  'street_address' => 'Baker str%2C 221B',
  'city' => 'London',
  'li_0_tangible' => 'N',
  'ship_city' => 'London',
  'company' => '',
  'ip_country' => 'Ukraine',
  'country' => 'GBR',
  'merchant_order_id' => '330',
  'li_0_description' => '',
  'ship_street_address' => 'Baker str%2C 221B',
  'demo' => 'Y',
  'pay_method' => 'CC',
  'cart_tangible' => 'N',
  'not_send_to_GA' => '1',
  'phone' => '312313212 ',
  'street_address2' => '',
  'x_receipt_link_url' => 'http%3A%2F%2Fstore.emagicone.com%2Fwoo_order.php',
  'first_name' => 'Yaroslav',
  'card_holder_name' => 'Yaroslav Lvivsky',
)=<<<debug_hash08/20/201508/20/2015=>>>debug_hasharray (
  'wc-api' => 'WC_Gateway_NM_TwoCheckout',
  'p' => '',
  'middle_initial' => '',
  'li_0_name' => 'Order 330 - Store Manager for WooCommerce Primary License (Product SKU%3A 290)',
  'sid' => '1765515',
  'test' => '1',
  'ship_zip' => 'GB',
  'key' => 'B9E4C364DAAF23063B85FE0C6EE07CE4',
  'state' => '',
  'email' => 'jarchik%40kommy.net',
  'li_0_type' => 'product',
  'order_number' => '105671149890',
  'currency_code' => 'USD',
  'lang' => 'en',
  'ship_state' => '',
  'invoice_id' => '105671149899',
  'li_0_price' => '119.00',
  'total' => '119.00',
  'ship_street_address2' => '',
  'credit_card_processed' => 'Y',
  'zip' => 'WC2E 9RZ',
  'ship_name' => 'Yaroslav Lvivsky',
  'li_0_quantity' => '1',
  'ship_method' => '',
  'cart_weight' => '0',
  'fixed' => 'Y',
  'ship_country' => 'UKR',
  'last_name' => 'Lvivsky',
  'li_0_product_id' => 'sm_woocm_primary',
  'street_address' => 'Baker str%2C 221B',
  'city' => 'London',
  'li_0_tangible' => 'N',
  'ship_city' => 'London',
  'company' => '',
  'ip_country' => 'Ukraine',
  'country' => 'GBR',
  'merchant_order_id' => '330',
  'li_0_description' => '',
  'ship_street_address' => 'Baker str%2C 221B',
  'demo' => 'Y',
  'pay_method' => 'CC',
  'cart_tangible' => 'N',
  'not_send_to_GA' => '1',
  'phone' => '312313212 ',
  'street_address2' => '',
  'x_receipt_link_url' => 'http%3A%2F%2Fstore.emagicone.com%2Fwoo_order.php',
  'first_name' => 'Yaroslav',
  'card_holder_name' => 'Yaroslav Lvivsky',
)=<<<debug_hash08/20/201508/20/2015=>>>debug_hasharray (
  'wc-api' => 'WC_Gateway_NM_TwoCheckout',
  'p' => '',
  'middle_initial' => '',
  'li_0_name' => 'Order 330 - Store Manager for WooCommerce Primary License (Product SKU%3A 290)',
  'sid' => '1765515',
  'test' => '1',
  'ship_zip' => 'GB',
  'key' => 'B9E4C364DAAF23063B85FE0C6EE07CE4',
  'state' => '',
  'email' => 'jarchik%40kommy.net',
  'li_0_type' => 'product',
  'order_number' => '105671149890',
  'currency_code' => 'USD',
  'lang' => 'en',
  'ship_state' => '',
  'invoice_id' => '105671149899',
  'li_0_price' => '119.00',
  'total' => '119.00',
  'ship_street_address2' => '',
  'credit_card_processed' => 'Y',
  'zip' => 'WC2E 9RZ',
  'ship_name' => 'Yaroslav Lvivsky',
  'li_0_quantity' => '1',
  'ship_method' => '',
  'cart_weight' => '0',
  'fixed' => 'Y',
  'ship_country' => 'UKR',
  'last_name' => 'Lvivsky',
  'li_0_product_id' => 'sm_woocm_primary',
  'street_address' => 'Baker str%2C 221B',
  'city' => 'London',
  'li_0_tangible' => 'N',
  'ship_city' => 'London',
  'company' => '',
  'ip_country' => 'Ukraine',
  'country' => 'GBR',
  'merchant_order_id' => '330',
  'li_0_description' => '',
  'ship_street_address' => 'Baker str%2C 221B',
  'demo' => 'Y',
  'pay_method' => 'CC',
  'cart_tangible' => 'N',
  'not_send_to_GA' => '1',
  'phone' => '312313212 ',
  'street_address2' => '',
  'x_receipt_link_url' => 'http%3A%2F%2Fstore.emagicone.com%2Fwoo_order.php',
  'first_name' => 'Yaroslav',
  'card_holder_name' => 'Yaroslav Lvivsky',
)=<<<debug_hash08/20/201508/20/2015=>>>debug_hasharray (
  'wc-api' => 'WC_Gateway_NM_TwoCheckout',
  'p' => '',
  'middle_initial' => '',
  'li_0_name' => 'Order 330 - Store Manager for WooCommerce Primary License (Product SKU%3A 290)',
  'sid' => '1765515',
  'test' => '1',
  'ship_zip' => 'GB',
  'key' => 'B9E4C364DAAF23063B85FE0C6EE07CE4',
  'state' => '',
  'email' => 'jarchik%40kommy.net',
  'li_0_type' => 'product',
  'order_number' => '105671149890',
  'currency_code' => 'USD',
  'lang' => 'en',
  'ship_state' => '',
  'invoice_id' => '105671149899',
  'li_0_price' => '119.00',
  'total' => '119.00',
  'ship_street_address2' => '',
  'credit_card_processed' => 'Y',
  'zip' => 'WC2E 9RZ',
  'ship_name' => 'Yaroslav Lvivsky',
  'li_0_quantity' => '1',
  'ship_method' => '',
  'cart_weight' => '0',
  'fixed' => 'Y',
  'ship_country' => 'UKR',
  'last_name' => 'Lvivsky',
  'li_0_product_id' => 'sm_woocm_primary',
  'street_address' => 'Baker str%2C 221B',
  'city' => 'London',
  'li_0_tangible' => 'N',
  'ship_city' => 'London',
  'company' => '',
  'ip_country' => 'Ukraine',
  'country' => 'GBR',
  'merchant_order_id' => '330',
  'li_0_description' => '',
  'ship_street_address' => 'Baker str%2C 221B',
  'demo' => 'Y',
  'pay_method' => 'CC',
  'cart_tangible' => 'N',
  'not_send_to_GA' => '1',
  'phone' => '312313212 ',
  'street_address2' => '',
  'x_receipt_link_url' => 'http%3A%2F%2Fstore.emagicone.com%2Fwoo_order.php',
  'first_name' => 'Yaroslav',
  'card_holder_name' => 'Yaroslav Lvivsky',
)=<<<debug_hash08/20/201508/20/2015=>>>debug_hasharray (
  'wc-api' => 'WC_Gateway_NM_TwoCheckout',
  'p' => '',
  'middle_initial' => '',
  'li_0_name' => 'Order 330 - Store Manager for WooCommerce Primary License (Product SKU%3A 290)',
  'sid' => '1765515',
  'test' => '1',
  'ship_zip' => 'GB',
  'key' => 'B9E4C364DAAF23063B85FE0C6EE07CE4',
  'state' => '',
  'email' => 'jarchik%40kommy.net',
  'li_0_type' => 'product',
  'order_number' => '105671149890',
  'currency_code' => 'USD',
  'lang' => 'en',
  'ship_state' => '',
  'invoice_id' => '105671149899',
  'li_0_price' => '119.00',
  'total' => '119.00',
  'ship_street_address2' => '',
  'credit_card_processed' => 'Y',
  'zip' => 'WC2E 9RZ',
  'ship_name' => 'Yaroslav Lvivsky',
  'li_0_quantity' => '1',
  'ship_method' => '',
  'cart_weight' => '0',
  'fixed' => 'Y',
  'ship_country' => 'UKR',
  'last_name' => 'Lvivsky',
  'li_0_product_id' => 'sm_woocm_primary',
  'street_address' => 'Baker str%2C 221B',
  'city' => 'London',
  'li_0_tangible' => 'N',
  'ship_city' => 'London',
  'company' => '',
  'ip_country' => 'Ukraine',
  'country' => 'GBR',
  'merchant_order_id' => '330',
  'li_0_description' => '',
  'ship_street_address' => 'Baker str%2C 221B',
  'demo' => 'Y',
  'pay_method' => 'CC',
  'cart_tangible' => 'N',
  'not_send_to_GA' => '1',
  'phone' => '312313212 ',
  'street_address2' => '',
  'x_receipt_link_url' => 'http%3A%2F%2Fstore.emagicone.com%2Fwoo_order.php',
  'first_name' => 'Yaroslav',
  'card_holder_name' => 'Yaroslav Lvivsky',
)=<<<debug_hash08/20/201508/20/2015=>>>debug_hasharray (
  'wc-api' => 'WC_Gateway_NM_TwoCheckout',
  'p' => '',
  'middle_initial' => '',
  'li_0_name' => 'Order 330 - Store Manager for WooCommerce Primary License (Product SKU%3A 290)',
  'sid' => '1765515',
  'test' => '1',
  'ship_zip' => 'GB',
  'key' => 'B9E4C364DAAF23063B85FE0C6EE07CE4',
  'state' => '',
  'email' => 'jarchik%40kommy.net',
  'li_0_type' => 'product',
  'order_number' => '105671149890',
  'currency_code' => 'USD',
  'lang' => 'en',
  'ship_state' => '',
  'invoice_id' => '105671149899',
  'li_0_price' => '119.00',
  'total' => '119.00',
  'ship_street_address2' => '',
  'credit_card_processed' => 'Y',
  'zip' => 'WC2E 9RZ',
  'ship_name' => 'Yaroslav Lvivsky',
  'li_0_quantity' => '1',
  'ship_method' => '',
  'cart_weight' => '0',
  'fixed' => 'Y',
  'ship_country' => 'UKR',
  'last_name' => 'Lvivsky',
  'li_0_product_id' => 'sm_woocm_primary',
  'street_address' => 'Baker str%2C 221B',
  'city' => 'London',
  'li_0_tangible' => 'N',
  'ship_city' => 'London',
  'company' => '',
  'ip_country' => 'Ukraine',
  'country' => 'GBR',
  'merchant_order_id' => '330',
  'li_0_description' => '',
  'ship_street_address' => 'Baker str%2C 221B',
  'demo' => 'Y',
  'pay_method' => 'CC',
  'cart_tangible' => 'N',
  'not_send_to_GA' => '1',
  'phone' => '312313212 ',
  'street_address2' => '',
  'x_receipt_link_url' => 'http%3A%2F%2Fstore.emagicone.com%2Fwoo_order.php',
  'first_name' => 'Yaroslav',
  'card_holder_name' => 'Yaroslav Lvivsky',
)=<<<debug_hash08/20/201508/20/2015=>>>debug_hasharray (
  'wc-api' => 'WC_Gateway_NM_TwoCheckout',
  'p' => '',
  'middle_initial' => '',
  'li_0_name' => 'Order 330 - Store Manager for WooCommerce Primary License (Product SKU%3A 290)',
  'sid' => '1765515',
  'test' => '1',
  'ship_zip' => 'GB',
  'key' => 'B9E4C364DAAF23063B85FE0C6EE07CE4',
  'state' => '',
  'email' => 'jarchik%40kommy.net',
  'li_0_type' => 'product',
  'order_number' => '105671149890',
  'currency_code' => 'USD',
  'lang' => 'en',
  'ship_state' => '',
  'invoice_id' => '105671149899',
  'li_0_price' => '119.00',
  'total' => '119.00',
  'ship_street_address2' => '',
  'credit_card_processed' => 'Y',
  'zip' => 'WC2E 9RZ',
  'ship_name' => 'Yaroslav Lvivsky',
  'li_0_quantity' => '1',
  'ship_method' => '',
  'cart_weight' => '0',
  'fixed' => 'Y',
  'ship_country' => 'UKR',
  'last_name' => 'Lvivsky',
  'li_0_product_id' => 'sm_woocm_primary',
  'street_address' => 'Baker str%2C 221B',
  'city' => 'London',
  'li_0_tangible' => 'N',
  'ship_city' => 'London',
  'company' => '',
  'ip_country' => 'Ukraine',
  'country' => 'GBR',
  'merchant_order_id' => '330',
  'li_0_description' => '',
  'ship_street_address' => 'Baker str%2C 221B',
  'demo' => 'Y',
  'pay_method' => 'CC',
  'cart_tangible' => 'N',
  'not_send_to_GA' => '1',
  'phone' => '312313212 ',
  'street_address2' => '',
  'x_receipt_link_url' => 'http%3A%2F%2Fstore.emagicone.com%2Fwoo_order.php',
  'first_name' => 'Yaroslav',
  'card_holder_name' => 'Yaroslav Lvivsky',
)=<<<debug_hash08/20/201508/20/2015=>>>debug_hasharray (
  'wc-api' => 'WC_Gateway_NM_TwoCheckout',
  'p' => '',
  'middle_initial' => '',
  'li_0_name' => 'Order 330 - Store Manager for WooCommerce Primary License (Product SKU%3A 290)',
  'sid' => '1765515',
  'test' => '1',
  'ship_zip' => 'GB',
  'key' => 'B9E4C364DAAF23063B85FE0C6EE07CE4',
  'state' => '',
  'email' => 'jarchik%40kommy.net',
  'li_0_type' => 'product',
  'order_number' => '105671149890',
  'currency_code' => 'USD',
  'lang' => 'en',
  'ship_state' => '',
  'invoice_id' => '105671149899',
  'li_0_price' => '119.00',
  'total' => '119.00',
  'ship_street_address2' => '',
  'credit_card_processed' => 'Y',
  'zip' => 'WC2E 9RZ',
  'ship_name' => 'Yaroslav Lvivsky',
  'li_0_quantity' => '1',
  'ship_method' => '',
  'cart_weight' => '0',
  'fixed' => 'Y',
  'ship_country' => 'UKR',
  'last_name' => 'Lvivsky',
  'li_0_product_id' => 'sm_woocm_primary',
  'street_address' => 'Baker str%2C 221B',
  'city' => 'London',
  'li_0_tangible' => 'N',
  'ship_city' => 'London',
  'company' => '',
  'ip_country' => 'Ukraine',
  'country' => 'GBR',
  'merchant_order_id' => '330',
  'li_0_description' => '',
  'ship_street_address' => 'Baker str%2C 221B',
  'demo' => 'Y',
  'pay_method' => 'CC',
  'cart_tangible' => 'N',
  'not_send_to_GA' => '1',
  'phone' => '312313212 ',
  'street_address2' => '',
  'x_receipt_link_url' => 'http%3A%2F%2Fstore.emagicone.com%2Fwoo_order.php',
  'first_name' => 'Yaroslav',
  'card_holder_name' => 'Yaroslav Lvivsky',
)=<<<debug_hash08/20/201508/20/2015=>>>debug_hasharray (
  'wc-api' => 'WC_Gateway_NM_TwoCheckout',
  'p' => '',
  'middle_initial' => '',
  'li_0_name' => 'Order 330 - Store Manager for WooCommerce Primary License (Product SKU%3A 290)',
  'sid' => '1765515',
  'test' => '1',
  'ship_zip' => 'GB',
  'key' => 'B9E4C364DAAF23063B85FE0C6EE07CE4',
  'state' => '',
  'email' => 'jarchik%40kommy.net',
  'li_0_type' => 'product',
  'order_number' => '105671149890',
  'currency_code' => 'USD',
  'lang' => 'en',
  'ship_state' => '',
  'invoice_id' => '105671149899',
  'li_0_price' => '119.00',
  'total' => '119.00',
  'ship_street_address2' => '',
  'credit_card_processed' => 'Y',
  'zip' => 'WC2E 9RZ',
  'ship_name' => 'Yaroslav Lvivsky',
  'li_0_quantity' => '1',
  'ship_method' => '',
  'cart_weight' => '0',
  'fixed' => 'Y',
  'ship_country' => 'UKR',
  'last_name' => 'Lvivsky',
  'li_0_product_id' => 'sm_woocm_primary',
  'street_address' => 'Baker str%2C 221B',
  'city' => 'London',
  'li_0_tangible' => 'N',
  'ship_city' => 'London',
  'company' => '',
  'ip_country' => 'Ukraine',
  'country' => 'GBR',
  'merchant_order_id' => '330',
  'li_0_description' => '',
  'ship_street_address' => 'Baker str%2C 221B',
  'demo' => 'Y',
  'pay_method' => 'CC',
  'cart_tangible' => 'N',
  'not_send_to_GA' => '1',
  'phone' => '312313212 ',
  'street_address2' => '',
  'x_receipt_link_url' => 'http%3A%2F%2Fstore.emagicone.com%2Fwoo_order.php',
  'first_name' => 'Yaroslav',
  'card_holder_name' => 'Yaroslav Lvivsky',
)=<<<debug_hash08/20/201508/20/2015=>>>debug_hasharray (
  'wc-api' => 'WC_Gateway_NM_TwoCheckout',
  'p' => '',
  'middle_initial' => '',
  'li_0_name' => 'Order 330 - Store Manager for WooCommerce Primary License (Product SKU%3A 290)',
  'sid' => '1765515',
  'test' => '1',
  'ship_zip' => 'GB',
  'key' => 'B9E4C364DAAF23063B85FE0C6EE07CE4',
  'state' => '',
  'email' => 'jarchik%40kommy.net',
  'li_0_type' => 'product',
  'order_number' => '105671149890',
  'currency_code' => 'USD',
  'lang' => 'en',
  'ship_state' => '',
  'invoice_id' => '105671149899',
  'li_0_price' => '119.00',
  'total' => '119.00',
  'ship_street_address2' => '',
  'credit_card_processed' => 'Y',
  'zip' => 'WC2E 9RZ',
  'ship_name' => 'Yaroslav Lvivsky',
  'li_0_quantity' => '1',
  'ship_method' => '',
  'cart_weight' => '0',
  'fixed' => 'Y',
  'ship_country' => 'UKR',
  'last_name' => 'Lvivsky',
  'li_0_product_id' => 'sm_woocm_primary',
  'street_address' => 'Baker str%2C 221B',
  'city' => 'London',
  'li_0_tangible' => 'N',
  'ship_city' => 'London',
  'company' => '',
  'ip_country' => 'Ukraine',
  'country' => 'GBR',
  'merchant_order_id' => '330',
  'li_0_description' => '',
  'ship_street_address' => 'Baker str%2C 221B',
  'demo' => 'Y',
  'pay_method' => 'CC',
  'cart_tangible' => 'N',
  'not_send_to_GA' => '1',
  'phone' => '312313212 ',
  'street_address2' => '',
  'x_receipt_link_url' => 'http%3A%2F%2Fstore.emagicone.com%2Fwoo_order.php',
  'first_name' => 'Yaroslav',
  'card_holder_name' => 'Yaroslav Lvivsky',
)=<<<debug_hash08/20/201508/20/2015=>>>debug_hasharray (
  'wc-api' => 'WC_Gateway_NM_TwoCheckout',
  'p' => '',
  'middle_initial' => '',
  'li_0_name' => 'Order 330 - Store Manager for WooCommerce Primary License (Product SKU%3A 290)',
  'sid' => '1765515',
  'test' => '1',
  'ship_zip' => 'GB',
  'key' => 'B9E4C364DAAF23063B85FE0C6EE07CE4',
  'state' => '',
  'email' => 'jarchik%40kommy.net',
  'li_0_type' => 'product',
  'order_number' => '105671149890',
  'currency_code' => 'USD',
  'lang' => 'en',
  'ship_state' => '',
  'invoice_id' => '105671149899',
  'li_0_price' => '119.00',
  'total' => '119.00',
  'ship_street_address2' => '',
  'credit_card_processed' => 'Y',
  'zip' => 'WC2E 9RZ',
  'ship_name' => 'Yaroslav Lvivsky',
  'li_0_quantity' => '1',
  'ship_method' => '',
  'cart_weight' => '0',
  'fixed' => 'Y',
  'ship_country' => 'UKR',
  'last_name' => 'Lvivsky',
  'li_0_product_id' => 'sm_woocm_primary',
  'street_address' => 'Baker str%2C 221B',
  'city' => 'London',
  'li_0_tangible' => 'N',
  'ship_city' => 'London',
  'company' => '',
  'ip_country' => 'Ukraine',
  'country' => 'GBR',
  'merchant_order_id' => '330',
  'li_0_description' => '',
  'ship_street_address' => 'Baker str%2C 221B',
  'demo' => 'Y',
  'pay_method' => 'CC',
  'cart_tangible' => 'N',
  'not_send_to_GA' => '1',
  'phone' => '312313212 ',
  'street_address2' => '',
  'x_receipt_link_url' => 'http%3A%2F%2Fstore.emagicone.com%2Fwoo_order.php',
  'first_name' => 'Yaroslav',
  'card_holder_name' => 'Yaroslav Lvivsky',
)=<<<debug_hash08/20/201508/20/2015=>>>debug_hasharray (
  'wc-api' => 'WC_Gateway_NM_TwoCheckout',
  'p' => '',
  'middle_initial' => '',
  'li_0_name' => 'Order 330 - Store Manager for WooCommerce Primary License (Product SKU%3A 290)',
  'sid' => '1765515',
  'test' => '1',
  'ship_zip' => 'GB',
  'key' => 'B9E4C364DAAF23063B85FE0C6EE07CE4',
  'state' => '',
  'email' => 'jarchik%40kommy.net',
  'li_0_type' => 'product',
  'order_number' => '105671149890',
  'currency_code' => 'USD',
  'lang' => 'en',
  'ship_state' => '',
  'invoice_id' => '105671149899',
  'li_0_price' => '119.00',
  'total' => '119.00',
  'ship_street_address2' => '',
  'credit_card_processed' => 'Y',
  'zip' => 'WC2E 9RZ',
  'ship_name' => 'Yaroslav Lvivsky',
  'li_0_quantity' => '1',
  'ship_method' => '',
  'cart_weight' => '0',
  'fixed' => 'Y',
  'ship_country' => 'UKR',
  'last_name' => 'Lvivsky',
  'li_0_product_id' => 'sm_woocm_primary',
  'street_address' => 'Baker str%2C 221B',
  'city' => 'London',
  'li_0_tangible' => 'N',
  'ship_city' => 'London',
  'company' => '',
  'ip_country' => 'Ukraine',
  'country' => 'GBR',
  'merchant_order_id' => '330',
  'li_0_description' => '',
  'ship_street_address' => 'Baker str%2C 221B',
  'demo' => 'Y',
  'pay_method' => 'CC',
  'cart_tangible' => 'N',
  'phone' => '312313212 ',
  'street_address2' => '',
  'x_receipt_link_url' => 'http%3A%2F%2Fstore.emagicone.com%2Fwoo_order.php',
  'first_name' => 'Yaroslav',
  'card_holder_name' => 'Yaroslav Lvivsky',
)=<<<debug_hash08/20/201508/20/2015=>>>debug_hasharray (
  'wc-api' => 'WC_Gateway_NM_TwoCheckout',
  'p' => '',
  'middle_initial' => '',
  'li_0_name' => 'Order 330 - Store Manager for WooCommerce Primary License (Product SKU%3A 290)',
  'sid' => '1765515',
  'test' => '1',
  'ship_zip' => 'GB',
  'key' => 'B9E4C364DAAF23063B85FE0C6EE07CE4',
  'state' => '',
  'email' => 'jarchik%40kommy.net',
  'li_0_type' => 'product',
  'order_number' => '105671149890',
  'currency_code' => 'USD',
  'lang' => 'en',
  'ship_state' => '',
  'invoice_id' => '105671149899',
  'li_0_price' => '119.00',
  'total' => '119.00',
  'ship_street_address2' => '',
  'credit_card_processed' => 'Y',
  'zip' => 'WC2E 9RZ',
  'ship_name' => 'Yaroslav Lvivsky',
  'li_0_quantity' => '1',
  'ship_method' => '',
  'cart_weight' => '0',
  'fixed' => 'Y',
  'ship_country' => 'UKR',
  'last_name' => 'Lvivsky',
  'li_0_product_id' => 'sm_woocm_primary',
  'street_address' => 'Baker str%2C 221B',
  'city' => 'London',
  'li_0_tangible' => 'N',
  'ship_city' => 'London',
  'company' => '',
  'ip_country' => 'Ukraine',
  'country' => 'GBR',
  'merchant_order_id' => '330',
  'li_0_description' => '',
  'ship_street_address' => 'Baker str%2C 221B',
  'demo' => 'Y',
  'pay_method' => 'CC',
  'cart_tangible' => 'N',
  'not_send_to_GA' => '1',
  'phone' => '312313212 ',
  'street_address2' => '',
  'x_receipt_link_url' => 'http%3A%2F%2Fstore.emagicone.com%2Fwoo_order.php',
  'first_name' => 'Yaroslav',
  'card_holder_name' => 'Yaroslav Lvivsky',
)=<<<debug_hash08/20/201508/20/2015=>>>debug_hasharray (
  'wc-api' => 'WC_Gateway_NM_TwoCheckout',
  'p' => '',
  'middle_initial' => '',
  'li_0_name' => 'Order 330 - Store Manager for WooCommerce Primary License (Product SKU%3A 290)',
  'sid' => '1765515',
  'test' => '1',
  'ship_zip' => 'GB',
  'key' => 'B9E4C364DAAF23063B85FE0C6EE07CE4',
  'state' => '',
  'email' => 'jarchik%40kommy.net',
  'li_0_type' => 'product',
  'order_number' => '105671149890',
  'currency_code' => 'USD',
  'lang' => 'en',
  'ship_state' => '',
  'invoice_id' => '105671149899',
  'li_0_price' => '119.00',
  'total' => '119.00',
  'ship_street_address2' => '',
  'credit_card_processed' => 'Y',
  'zip' => 'WC2E 9RZ',
  'ship_name' => 'Yaroslav Lvivsky',
  'li_0_quantity' => '1',
  'ship_method' => '',
  'cart_weight' => '0',
  'fixed' => 'Y',
  'ship_country' => 'UKR',
  'last_name' => 'Lvivsky',
  'li_0_product_id' => 'sm_woocm_primary',
  'street_address' => 'Baker str%2C 221B',
  'city' => 'London',
  'li_0_tangible' => 'N',
  'ship_city' => 'London',
  'company' => '',
  'ip_country' => 'Ukraine',
  'country' => 'GBR',
  'merchant_order_id' => '330',
  'li_0_description' => '',
  'ship_street_address' => 'Baker str%2C 221B',
  'demo' => 'Y',
  'pay_method' => 'CC',
  'cart_tangible' => 'N',
  'not_send_to_GA' => '1',
  'phone' => '312313212 ',
  'street_address2' => '',
  'x_receipt_link_url' => 'http%3A%2F%2Fstore.emagicone.com%2Fwoo_order.php',
  'first_name' => 'Yaroslav',
  'card_holder_name' => 'Yaroslav Lvivsky',
)=<<<debug_hash08/20/201508/20/2015=>>>debug_hasharray (
  'wc-api' => 'WC_Gateway_NM_TwoCheckout',
  'p' => '',
  'middle_initial' => '',
  'li_0_name' => 'Order 330 - Store Manager for WooCommerce Primary License (Product SKU%3A 290)',
  'sid' => '1765515',
  'test' => '1',
  'ship_zip' => 'GB',
  'key' => 'B9E4C364DAAF23063B85FE0C6EE07CE4',
  'state' => '',
  'email' => 'jarchik%40kommy.net',
  'li_0_type' => 'product',
  'order_number' => '105671149890',
  'currency_code' => 'USD',
  'lang' => 'en',
  'ship_state' => '',
  'invoice_id' => '105671149899',
  'li_0_price' => '119.00',
  'total' => '119.00',
  'ship_street_address2' => '',
  'credit_card_processed' => 'Y',
  'zip' => 'WC2E 9RZ',
  'ship_name' => 'Yaroslav Lvivsky',
  'li_0_quantity' => '1',
  'ship_method' => '',
  'cart_weight' => '0',
  'fixed' => 'Y',
  'ship_country' => 'UKR',
  'last_name' => 'Lvivsky',
  'li_0_product_id' => 'sm_woocm_primary',
  'street_address' => 'Baker str%2C 221B',
  'city' => 'London',
  'li_0_tangible' => 'N',
  'ship_city' => 'London',
  'company' => '',
  'ip_country' => 'Ukraine',
  'country' => 'GBR',
  'merchant_order_id' => '330',
  'li_0_description' => '',
  'ship_street_address' => 'Baker str%2C 221B',
  'demo' => 'Y',
  'pay_method' => 'CC',
  'cart_tangible' => 'N',
  'not_send_to_GA' => '1',
  'phone' => '312313212 ',
  'street_address2' => '',
  'x_receipt_link_url' => 'http%3A%2F%2Fstore.emagicone.com%2Fwoo_order.php',
  'first_name' => 'Yaroslav',
  'card_holder_name' => 'Yaroslav Lvivsky',
)=<<<debug_hash08/20/201508/20/2015=>>>debug_hasharray (
  'wc-api' => 'WC_Gateway_NM_TwoCheckout',
  'p' => '',
  'middle_initial' => '',
  'li_0_name' => 'Order 330 - Store Manager for WooCommerce Primary License (Product SKU%3A 290)',
  'sid' => '1765515',
  'test' => '1',
  'ship_zip' => 'GB',
  'key' => 'B9E4C364DAAF23063B85FE0C6EE07CE4',
  'state' => '',
  'email' => 'jarchik%40kommy.net',
  'li_0_type' => 'product',
  'order_number' => '105671149890',
  'currency_code' => 'USD',
  'lang' => 'en',
  'ship_state' => '',
  'invoice_id' => '105671149899',
  'li_0_price' => '119.00',
  'total' => '119.00',
  'ship_street_address2' => '',
  'credit_card_processed' => 'Y',
  'zip' => 'WC2E 9RZ',
  'ship_name' => 'Yaroslav Lvivsky',
  'li_0_quantity' => '1',
  'ship_method' => '',
  'cart_weight' => '0',
  'fixed' => 'Y',
  'ship_country' => 'UKR',
  'last_name' => 'Lvivsky',
  'li_0_product_id' => 'sm_woocm_primary',
  'street_address' => 'Baker str%2C 221B',
  'city' => 'London',
  'li_0_tangible' => 'N',
  'ship_city' => 'London',
  'company' => '',
  'ip_country' => 'Ukraine',
  'country' => 'GBR',
  'merchant_order_id' => '330',
  'li_0_description' => '',
  'ship_street_address' => 'Baker str%2C 221B',
  'demo' => 'Y',
  'pay_method' => 'CC',
  'cart_tangible' => 'N',
  'not_send_to_GA' => '1',
  'phone' => '312313212 ',
  'street_address2' => '',
  'x_receipt_link_url' => 'http%3A%2F%2Fstore.emagicone.com%2Fwoo_order.php',
  'first_name' => 'Yaroslav',
  'card_holder_name' => 'Yaroslav Lvivsky',
)=<<<debug_hash08/20/201508/20/2015=>>>debug_hasharray (
  'wc-api' => 'WC_Gateway_NM_TwoCheckout',
  'p' => '',
  'middle_initial' => '',
  'li_0_name' => 'Order 330 - Store Manager for WooCommerce Primary License (Product SKU%3A 290)',
  'sid' => '1765515',
  'test' => '1',
  'ship_zip' => 'GB',
  'key' => 'B9E4C364DAAF23063B85FE0C6EE07CE4',
  'state' => '',
  'email' => 'jarchik%40kommy.net',
  'li_0_type' => 'product',
  'order_number' => '105671149890',
  'currency_code' => 'USD',
  'lang' => 'en',
  'ship_state' => '',
  'invoice_id' => '105671149899',
  'li_0_price' => '119.00',
  'total' => '119.00',
  'ship_street_address2' => '',
  'credit_card_processed' => 'Y',
  'zip' => 'WC2E 9RZ',
  'ship_name' => 'Yaroslav Lvivsky',
  'li_0_quantity' => '1',
  'ship_method' => '',
  'cart_weight' => '0',
  'fixed' => 'Y',
  'ship_country' => 'UKR',
  'last_name' => 'Lvivsky',
  'li_0_product_id' => 'sm_woocm_primary',
  'street_address' => 'Baker str%2C 221B',
  'city' => 'London',
  'li_0_tangible' => 'N',
  'ship_city' => 'London',
  'company' => '',
  'ip_country' => 'Ukraine',
  'country' => 'GBR',
  'merchant_order_id' => '330',
  'li_0_description' => '',
  'ship_street_address' => 'Baker str%2C 221B',
  'demo' => 'Y',
  'pay_method' => 'CC',
  'cart_tangible' => 'N',
  'not_send_to_GA' => '1',
  'phone' => '312313212 ',
  'street_address2' => '',
  'x_receipt_link_url' => 'http%3A%2F%2Fstore.emagicone.com%2Fwoo_order.php',
  'first_name' => 'Yaroslav',
  'card_holder_name' => 'Yaroslav Lvivsky',
)=<<<debug_hash08/20/201508/20/2015=>>>debug_hasharray (
  'wc-api' => 'WC_Gateway_NM_TwoCheckout',
  'p' => '',
  'middle_initial' => '',
  'li_0_name' => 'Order 330 - Store Manager for WooCommerce Primary License (Product SKU%3A 290)',
  'sid' => '1765515',
  'test' => '1',
  'ship_zip' => 'GB',
  'key' => 'B9E4C364DAAF23063B85FE0C6EE07CE4',
  'state' => '',
  'email' => 'jarchik%40kommy.net',
  'li_0_type' => 'product',
  'order_number' => '105671149890',
  'currency_code' => 'USD',
  'lang' => 'en',
  'ship_state' => '',
  'invoice_id' => '105671149899',
  'li_0_price' => '119.00',
  'total' => '119.00',
  'ship_street_address2' => '',
  'credit_card_processed' => 'Y',
  'zip' => 'WC2E 9RZ',
  'ship_name' => 'Yaroslav Lvivsky',
  'li_0_quantity' => '1',
  'ship_method' => '',
  'cart_weight' => '0',
  'fixed' => 'Y',
  'ship_country' => 'UKR',
  'last_name' => 'Lvivsky',
  'li_0_product_id' => 'sm_woocm_primary',
  'street_address' => 'Baker str%2C 221B',
  'city' => 'London',
  'li_0_tangible' => 'N',
  'ship_city' => 'London',
  'company' => '',
  'ip_country' => 'Ukraine',
  'country' => 'GBR',
  'merchant_order_id' => '330',
  'li_0_description' => '',
  'ship_street_address' => 'Baker str%2C 221B',
  'demo' => 'Y',
  'pay_method' => 'CC',
  'cart_tangible' => 'N',
  'not_send_to_GA' => '1',
  'phone' => '312313212 ',
  'street_address2' => '',
  'x_receipt_link_url' => 'http%3A%2F%2Fstore.emagicone.com%2Fwoo_order.php',
  'first_name' => 'Yaroslav',
  'card_holder_name' => 'Yaroslav Lvivsky',
)=<<<debug_hash08/20/201508/20/2015=>>>debug_hasharray (
  'wc-api' => 'WC_Gateway_NM_TwoCheckout',
  'p' => '',
  'middle_initial' => '',
  'li_0_name' => 'Order 330 - Store Manager for WooCommerce Primary License (Product SKU%3A 290)',
  'sid' => '1765515',
  'test' => '1',
  'ship_zip' => 'GB',
  'key' => 'B9E4C364DAAF23063B85FE0C6EE07CE4',
  'state' => '',
  'email' => 'jarchik%40kommy.net',
  'li_0_type' => 'product',
  'order_number' => '105671149890',
  'currency_code' => 'USD',
  'lang' => 'en',
  'ship_state' => '',
  'invoice_id' => '105671149899',
  'li_0_price' => '119.00',
  'total' => '119.00',
  'ship_street_address2' => '',
  'credit_card_processed' => 'Y',
  'zip' => 'WC2E 9RZ',
  'ship_name' => 'Yaroslav Lvivsky',
  'li_0_quantity' => '1',
  'ship_method' => '',
  'cart_weight' => '0',
  'fixed' => 'Y',
  'ship_country' => 'UKR',
  'last_name' => 'Lvivsky',
  'li_0_product_id' => 'sm_woocm_primary',
  'street_address' => 'Baker str%2C 221B',
  'city' => 'London',
  'li_0_tangible' => 'N',
  'ship_city' => 'London',
  'company' => '',
  'ip_country' => 'Ukraine',
  'country' => 'GBR',
  'merchant_order_id' => '330',
  'li_0_description' => '',
  'ship_street_address' => 'Baker str%2C 221B',
  'demo' => 'Y',
  'pay_method' => 'CC',
  'cart_tangible' => 'N',
  'not_send_to_GA' => '1',
  'phone' => '312313212 ',
  'street_address2' => '',
  'x_receipt_link_url' => 'http%3A%2F%2Fstore.emagicone.com%2Fwoo_order.php',
  'first_name' => 'Yaroslav',
  'card_holder_name' => 'Yaroslav Lvivsky',
)=<<<debug_hash08/20/201508/21/2015=>>>debug_hasharray (
  'wc-api' => 'WC_Gateway_NM_TwoCheckout',
  'p' => '',
  'middle_initial' => '',
  'li_0_name' => 'Order 330 - Store Manager for WooCommerce Primary License (Product SKU%3A 290)',
  'sid' => '1765515',
  'test' => '1',
  'ship_zip' => 'GB',
  'key' => 'B9E4C364DAAF23063B85FE0C6EE07CE4',
  'state' => '',
  'email' => 'jarchik%40kommy.net',
  'li_0_type' => 'product',
  'order_number' => '105671149890',
  'currency_code' => 'USD',
  'lang' => 'en',
  'ship_state' => '',
  'invoice_id' => '105671149899',
  'li_0_price' => '119.00',
  'total' => '119.00',
  'ship_street_address2' => '',
  'credit_card_processed' => 'Y',
  'zip' => 'WC2E 9RZ',
  'ship_name' => 'Yaroslav Lvivsky',
  'li_0_quantity' => '1',
  'ship_method' => '',
  'cart_weight' => '0',
  'fixed' => 'Y',
  'ship_country' => 'UKR',
  'last_name' => 'Lvivsky',
  'li_0_product_id' => 'sm_woocm_primary',
  'street_address' => 'Baker str%2C 221B',
  'city' => 'London',
  'li_0_tangible' => 'N',
  'ship_city' => 'London',
  'company' => '',
  'ip_country' => 'Ukraine',
  'country' => 'GBR',
  'merchant_order_id' => '330',
  'li_0_description' => '',
  'ship_street_address' => 'Baker str%2C 221B',
  'demo' => 'Y',
  'pay_method' => 'CC',
  'cart_tangible' => 'N',
  'not_send_to_GA' => '1',
  'phone' => '312313212 ',
  'street_address2' => '',
  'x_receipt_link_url' => 'http%3A%2F%2Fstore.emagicone.com%2Fwoo_order.php',
  'first_name' => 'Yaroslav',
  'card_holder_name' => 'Yaroslav Lvivsky',
)=<<<debug_hash08/21/201508/21/2015=>>>debug_hasharray (
  'wc-api' => 'WC_Gateway_NM_TwoCheckout',
  'p' => '',
  'middle_initial' => '',
  'li_0_name' => 'Order 330 - Store Manager for WooCommerce Primary License (Product SKU%3A 290)',
  'sid' => '1765515',
  'test' => '1',
  'ship_zip' => 'GB',
  'key' => 'B9E4C364DAAF23063B85FE0C6EE07CE4',
  'state' => '',
  'email' => 'jarchik%40kommy.net',
  'li_0_type' => 'product',
  'order_number' => '105671149890',
  'currency_code' => 'USD',
  'lang' => 'en',
  'ship_state' => '',
  'invoice_id' => '105671149899',
  'li_0_price' => '119.00',
  'total' => '119.00',
  'ship_street_address2' => '',
  'credit_card_processed' => 'Y',
  'zip' => 'WC2E 9RZ',
  'ship_name' => 'Yaroslav Lvivsky',
  'li_0_quantity' => '1',
  'ship_method' => '',
  'cart_weight' => '0',
  'fixed' => 'Y',
  'ship_country' => 'UKR',
  'last_name' => 'Lvivsky',
  'li_0_product_id' => 'sm_woocm_primary',
  'street_address' => 'Baker str%2C 221B',
  'city' => 'London',
  'li_0_tangible' => 'N',
  'ship_city' => 'London',
  'company' => '',
  'ip_country' => 'Ukraine',
  'country' => 'GBR',
  'merchant_order_id' => '330',
  'li_0_description' => '',
  'ship_street_address' => 'Baker str%2C 221B',
  'demo' => 'Y',
  'pay_method' => 'CC',
  'cart_tangible' => 'N',
  'not_send_to_GA' => '1',
  'phone' => '312313212 ',
  'street_address2' => '',
  'x_receipt_link_url' => 'http%3A%2F%2Fstore.emagicone.com%2Fwoo_order.php',
  'first_name' => 'Yaroslav',
  'card_holder_name' => 'Yaroslav Lvivsky',
)=<<<debug_hash08/21/201508/25/2015=>>>debug_hasharray (
  'wc-api' => 'WC_Gateway_NM_TwoCheckout',
  'p' => '',
  'middle_initial' => '',
  'li_0_name' => 'Order 330 - Store Manager for WooCommerce Primary License (Product SKU%3A 290)',
  'sid' => '1765515',
  'test' => '1',
  'ship_zip' => 'GB',
  'key' => 'B9E4C364DAAF23063B85FE0C6EE07CE4',
  'state' => '',
  'email' => 'jarchik%40kommy.net',
  'li_0_type' => 'product',
  'order_number' => '105671149890',
  'currency_code' => 'USD',
  'lang' => 'en',
  'ship_state' => '',
  'invoice_id' => '105671149899',
  'li_0_price' => '119.00',
  'total' => '119.00',
  'ship_street_address2' => '',
  'credit_card_processed' => 'Y',
  'zip' => 'WC2E 9RZ',
  'ship_name' => 'Yaroslav Lvivsky',
  'li_0_quantity' => '1',
  'ship_method' => '',
  'cart_weight' => '0',
  'fixed' => 'Y',
  'ship_country' => 'UKR',
  'last_name' => 'Lvivsky',
  'li_0_product_id' => 'sm_woocm_primary',
  'street_address' => 'Baker str%2C 221B',
  'city' => 'London',
  'li_0_tangible' => 'N',
  'ship_city' => 'London',
  'company' => '',
  'ip_country' => 'Ukraine',
  'country' => 'GBR',
  'merchant_order_id' => '330',
  'li_0_description' => '',
  'ship_street_address' => 'Baker str%2C 221B',
  'demo' => 'Y',
  'pay_method' => 'CC',
  'cart_tangible' => 'N',
  'not_send_to_GA' => '1',
  'phone' => '312313212 ',
  'street_address2' => '',
  'x_receipt_link_url' => 'http%3A%2F%2Fstore.emagicone.com%2Fwoo_order.php',
  'first_name' => 'Yaroslav',
  'card_holder_name' => 'Yaroslav Lvivsky',
)=<<<debug_hash08/25/201508/26/2015=>>>debug_hasharray (
  'wc-api' => 'WC_Gateway_NM_TwoCheckout',
  'p' => '',
  'middle_initial' => '',
  'li_0_name' => 'Order 330 - Store Manager for WooCommerce Primary License (Product SKU%3A 290)',
  'sid' => '1765515',
  'test' => '1',
  'ship_zip' => 'GB',
  'key' => 'B9E4C364DAAF23063B85FE0C6EE07CE4',
  'state' => '',
  'email' => 'jarchik%40kommy.net',
  'li_0_type' => 'product',
  'order_number' => '105671149890',
  'currency_code' => 'USD',
  'lang' => 'en',
  'ship_state' => '',
  'invoice_id' => '105671149899',
  'li_0_price' => '119.00',
  'total' => '119.00',
  'ship_street_address2' => '',
  'credit_card_processed' => 'Y',
  'zip' => 'WC2E 9RZ',
  'ship_name' => 'Yaroslav Lvivsky',
  'li_0_quantity' => '1',
  'ship_method' => '',
  'cart_weight' => '0',
  'fixed' => 'Y',
  'ship_country' => 'UKR',
  'last_name' => 'Lvivsky',
  'li_0_product_id' => 'sm_woocm_primary',
  'street_address' => 'Baker str%2C 221B',
  'city' => 'London',
  'li_0_tangible' => 'N',
  'ship_city' => 'London',
  'company' => '',
  'ip_country' => 'Ukraine',
  'country' => 'GBR',
  'merchant_order_id' => '330',
  'li_0_description' => '',
  'ship_street_address' => 'Baker str%2C 221B',
  'demo' => 'Y',
  'pay_method' => 'CC',
  'cart_tangible' => 'N',
  'not_send_to_GA' => '1',
  'phone' => '312313212 ',
  'street_address2' => '',
  'x_receipt_link_url' => 'http%3A%2F%2Fstore.emagicone.com%2Fwoo_order.php',
  'first_name' => 'Yaroslav',
  'card_holder_name' => 'Yaroslav Lvivsky',
)=<<<debug_hash08/26/2015